<?xml version="1.0" encoding="UTF-8"?>
<robot generator="Robot 3.2.2 (Python 3.9.1 on win32)" generated="20210110 17:39:35.753" rpa="false">
<suite id="s1" name="TestCases" source="C:\Users\user\Desktop\Assignment 13.1\TestsBook\TestCases.robot">
<test id="s1-t1" name="User should be able to Land on Book details Page">
<kw name="Open India Bookstore" library="instructions">
<kw name="Open Browser" library="SeleniumLibrary">
<doc>Opens a new browser instance to the optional ``url``.</doc>
<arguments>
<arg>${url_books}</arg>
<arg>${brows}</arg>
</arguments>
<msg timestamp="20210110 17:39:36.238" level="INFO">Opening browser 'gc' to base url 'https://www.indiabookstore.net/'.</msg>
<status status="PASS" starttime="20210110 17:39:36.237" endtime="20210110 17:39:43.563"></status>
</kw>
<kw name="Maximize Browser Window" library="SeleniumLibrary">
<doc>Maximizes current browser window.</doc>
<status status="PASS" starttime="20210110 17:39:43.563" endtime="20210110 17:39:45.726"></status>
</kw>
<kw name="Sleep" library="BuiltIn">
<doc>Pauses the test executed for the given time.</doc>
<arguments>
<arg>4s</arg>
</arguments>
<msg timestamp="20210110 17:39:49.729" level="INFO">Slept 4 seconds</msg>
<status status="PASS" starttime="20210110 17:39:45.727" endtime="20210110 17:39:49.729"></status>
</kw>
<kw name="Verify WebPage title" library="instructions">
<arguments>
<arg>${Expected_homePage}</arg>
</arguments>
<kw name="Wait Until Page Contains" library="SeleniumLibrary">
<doc>Waits until ``text`` appears on the current page.</doc>
<arguments>
<arg>${title_name}</arg>
</arguments>
<status status="PASS" starttime="20210110 17:39:49.730" endtime="20210110 17:39:49.749"></status>
</kw>
<kw name="Log To Console" library="BuiltIn">
<doc>Logs the given message to the console.</doc>
<arguments>
<arg>${title_name}</arg>
</arguments>
<status status="PASS" starttime="20210110 17:39:49.750" endtime="20210110 17:39:49.751"></status>
</kw>
<kw name="Log To Console" library="BuiltIn">
<doc>Logs the given message to the console.</doc>
<arguments>
<arg>Pass!!</arg>
</arguments>
<status status="PASS" starttime="20210110 17:39:49.751" endtime="20210110 17:39:49.768"></status>
</kw>
<status status="PASS" starttime="20210110 17:39:49.729" endtime="20210110 17:39:49.769"></status>
</kw>
<kw name="Execute Javascript" library="SeleniumLibrary">
<doc>Executes the given JavaScript code with possible arguments.</doc>
<arguments>
<arg>window.scrollTo(0, 500)</arg>
</arguments>
<msg timestamp="20210110 17:39:49.772" level="INFO">Executing JavaScript:
window.scrollTo(0, 500)
Without any arguments.</msg>
<status status="PASS" starttime="20210110 17:39:49.769" endtime="20210110 17:39:49.814"></status>
</kw>
<kw name="Log To Console" library="BuiltIn">
<doc>Logs the given message to the console.</doc>
<arguments>
<arg>Step1</arg>
</arguments>
<status status="PASS" starttime="20210110 17:39:49.814" endtime="20210110 17:39:49.836"></status>
</kw>
<status status="PASS" starttime="20210110 17:39:36.237" endtime="20210110 17:39:49.837"></status>
</kw>
<kw name="Navigate to Category &quot;Fantasy &amp; Science Fiction&quot;" library="instructions">
<kw name="Get Element Count" library="SeleniumLibrary">
<doc>Returns the number of elements matching ``locator``.</doc>
<arguments>
<arg>xpath=//*[@id="leftNavContainer"]/ul/li</arg>
</arguments>
<assign>
<var>${category_count}</var>
</assign>
<msg timestamp="20210110 17:39:49.876" level="INFO">${category_count} = 21</msg>
<status status="PASS" starttime="20210110 17:39:49.842" endtime="20210110 17:39:49.876"></status>
</kw>
<kw name="Sleep" library="BuiltIn">
<doc>Pauses the test executed for the given time.</doc>
<arguments>
<arg>5s</arg>
</arguments>
<msg timestamp="20210110 17:39:54.878" level="INFO">Slept 5 seconds</msg>
<status status="PASS" starttime="20210110 17:39:49.876" endtime="20210110 17:39:54.878"></status>
</kw>
<kw name="${i} IN RANGE [ 1 | ${category_count} ]" type="for">
<kw name="${i} = 1" type="foritem">
<kw name="Get Text" library="SeleniumLibrary">
<doc>Returns the text value of the element identified by ``locator``.</doc>
<arguments>
<arg>xpath=//*[@id="leftNavContainer"]/ul/li[${i}]/a</arg>
</arguments>
<assign>
<var>${dynamic_categ_name}</var>
</assign>
<msg timestamp="20210110 17:39:54.912" level="INFO">${dynamic_categ_name} = Academic</msg>
<status status="PASS" starttime="20210110 17:39:54.878" endtime="20210110 17:39:54.912"></status>
</kw>
<kw name="Scroll Element Into View" library="SeleniumLibrary">
<doc>Scrolls the element identified by ``locator`` into view.</doc>
<arguments>
<arg>xpath=//*[@id="leftNavContainer"]/ul/li[${i}]/a</arg>
</arguments>
<status status="PASS" starttime="20210110 17:39:54.912" endtime="20210110 17:39:55.194"></status>
</kw>
<kw name="Exit For Loop If" library="BuiltIn">
<doc>Stops executing the enclosing for loop if the ``condition`` is true.</doc>
<arguments>
<arg>"${dynamic_categ_name}" == "${Expected_category}"</arg>
</arguments>
<status status="PASS" starttime="20210110 17:39:55.194" endtime="20210110 17:39:55.195"></status>
</kw>
<status status="PASS" starttime="20210110 17:39:54.878" endtime="20210110 17:39:55.195"></status>
</kw>
<kw name="${i} = 2" type="foritem">
<kw name="Get Text" library="SeleniumLibrary">
<doc>Returns the text value of the element identified by ``locator``.</doc>
<arguments>
<arg>xpath=//*[@id="leftNavContainer"]/ul/li[${i}]/a</arg>
</arguments>
<assign>
<var>${dynamic_categ_name}</var>
</assign>
<msg timestamp="20210110 17:39:55.224" level="INFO">${dynamic_categ_name} = Action &amp; Adventure</msg>
<status status="PASS" starttime="20210110 17:39:55.195" endtime="20210110 17:39:55.224"></status>
</kw>
<kw name="Scroll Element Into View" library="SeleniumLibrary">
<doc>Scrolls the element identified by ``locator`` into view.</doc>
<arguments>
<arg>xpath=//*[@id="leftNavContainer"]/ul/li[${i}]/a</arg>
</arguments>
<status status="PASS" starttime="20210110 17:39:55.224" endtime="20210110 17:39:55.500"></status>
</kw>
<kw name="Exit For Loop If" library="BuiltIn">
<doc>Stops executing the enclosing for loop if the ``condition`` is true.</doc>
<arguments>
<arg>"${dynamic_categ_name}" == "${Expected_category}"</arg>
</arguments>
<status status="PASS" starttime="20210110 17:39:55.501" endtime="20210110 17:39:55.501"></status>
</kw>
<status status="PASS" starttime="20210110 17:39:55.195" endtime="20210110 17:39:55.501"></status>
</kw>
<kw name="${i} = 3" type="foritem">
<kw name="Get Text" library="SeleniumLibrary">
<doc>Returns the text value of the element identified by ``locator``.</doc>
<arguments>
<arg>xpath=//*[@id="leftNavContainer"]/ul/li[${i}]/a</arg>
</arguments>
<assign>
<var>${dynamic_categ_name}</var>
</assign>
<msg timestamp="20210110 17:39:55.536" level="INFO">${dynamic_categ_name} = Biographies &amp; True Accounts</msg>
<status status="PASS" starttime="20210110 17:39:55.502" endtime="20210110 17:39:55.536"></status>
</kw>
<kw name="Scroll Element Into View" library="SeleniumLibrary">
<doc>Scrolls the element identified by ``locator`` into view.</doc>
<arguments>
<arg>xpath=//*[@id="leftNavContainer"]/ul/li[${i}]/a</arg>
</arguments>
<status status="PASS" starttime="20210110 17:39:55.536" endtime="20210110 17:39:55.824"></status>
</kw>
<kw name="Exit For Loop If" library="BuiltIn">
<doc>Stops executing the enclosing for loop if the ``condition`` is true.</doc>
<arguments>
<arg>"${dynamic_categ_name}" == "${Expected_category}"</arg>
</arguments>
<status status="PASS" starttime="20210110 17:39:55.824" endtime="20210110 17:39:55.825"></status>
</kw>
<status status="PASS" starttime="20210110 17:39:55.501" endtime="20210110 17:39:55.825"></status>
</kw>
<kw name="${i} = 4" type="foritem">
<kw name="Get Text" library="SeleniumLibrary">
<doc>Returns the text value of the element identified by ``locator``.</doc>
<arguments>
<arg>xpath=//*[@id="leftNavContainer"]/ul/li[${i}]/a</arg>
</arguments>
<assign>
<var>${dynamic_categ_name}</var>
</assign>
<msg timestamp="20210110 17:39:55.860" level="INFO">${dynamic_categ_name} = Business, Investing and Management</msg>
<status status="PASS" starttime="20210110 17:39:55.826" endtime="20210110 17:39:55.860"></status>
</kw>
<kw name="Scroll Element Into View" library="SeleniumLibrary">
<doc>Scrolls the element identified by ``locator`` into view.</doc>
<arguments>
<arg>xpath=//*[@id="leftNavContainer"]/ul/li[${i}]/a</arg>
</arguments>
<status status="PASS" starttime="20210110 17:39:55.860" endtime="20210110 17:39:56.134"></status>
</kw>
<kw name="Exit For Loop If" library="BuiltIn">
<doc>Stops executing the enclosing for loop if the ``condition`` is true.</doc>
<arguments>
<arg>"${dynamic_categ_name}" == "${Expected_category}"</arg>
</arguments>
<status status="PASS" starttime="20210110 17:39:56.134" endtime="20210110 17:39:56.135"></status>
</kw>
<status status="PASS" starttime="20210110 17:39:55.825" endtime="20210110 17:39:56.135"></status>
</kw>
<kw name="${i} = 5" type="foritem">
<kw name="Get Text" library="SeleniumLibrary">
<doc>Returns the text value of the element identified by ``locator``.</doc>
<arguments>
<arg>xpath=//*[@id="leftNavContainer"]/ul/li[${i}]/a</arg>
</arguments>
<assign>
<var>${dynamic_categ_name}</var>
</assign>
<msg timestamp="20210110 17:39:56.161" level="INFO">${dynamic_categ_name} = Children's Books</msg>
<status status="PASS" starttime="20210110 17:39:56.135" endtime="20210110 17:39:56.162"></status>
</kw>
<kw name="Scroll Element Into View" library="SeleniumLibrary">
<doc>Scrolls the element identified by ``locator`` into view.</doc>
<arguments>
<arg>xpath=//*[@id="leftNavContainer"]/ul/li[${i}]/a</arg>
</arguments>
<status status="PASS" starttime="20210110 17:39:56.162" endtime="20210110 17:39:56.433"></status>
</kw>
<kw name="Exit For Loop If" library="BuiltIn">
<doc>Stops executing the enclosing for loop if the ``condition`` is true.</doc>
<arguments>
<arg>"${dynamic_categ_name}" == "${Expected_category}"</arg>
</arguments>
<status status="PASS" starttime="20210110 17:39:56.433" endtime="20210110 17:39:56.434"></status>
</kw>
<status status="PASS" starttime="20210110 17:39:56.135" endtime="20210110 17:39:56.434"></status>
</kw>
<kw name="${i} = 6" type="foritem">
<kw name="Get Text" library="SeleniumLibrary">
<doc>Returns the text value of the element identified by ``locator``.</doc>
<arguments>
<arg>xpath=//*[@id="leftNavContainer"]/ul/li[${i}]/a</arg>
</arguments>
<assign>
<var>${dynamic_categ_name}</var>
</assign>
<msg timestamp="20210110 17:39:56.464" level="INFO">${dynamic_categ_name} = Comics &amp; Manga</msg>
<status status="PASS" starttime="20210110 17:39:56.434" endtime="20210110 17:39:56.464"></status>
</kw>
<kw name="Scroll Element Into View" library="SeleniumLibrary">
<doc>Scrolls the element identified by ``locator`` into view.</doc>
<arguments>
<arg>xpath=//*[@id="leftNavContainer"]/ul/li[${i}]/a</arg>
</arguments>
<status status="PASS" starttime="20210110 17:39:56.464" endtime="20210110 17:39:56.738"></status>
</kw>
<kw name="Exit For Loop If" library="BuiltIn">
<doc>Stops executing the enclosing for loop if the ``condition`` is true.</doc>
<arguments>
<arg>"${dynamic_categ_name}" == "${Expected_category}"</arg>
</arguments>
<status status="PASS" starttime="20210110 17:39:56.739" endtime="20210110 17:39:56.740"></status>
</kw>
<status status="PASS" starttime="20210110 17:39:56.434" endtime="20210110 17:39:56.740"></status>
</kw>
<kw name="${i} = 7" type="foritem">
<kw name="Get Text" library="SeleniumLibrary">
<doc>Returns the text value of the element identified by ``locator``.</doc>
<arguments>
<arg>xpath=//*[@id="leftNavContainer"]/ul/li[${i}]/a</arg>
</arguments>
<assign>
<var>${dynamic_categ_name}</var>
</assign>
<msg timestamp="20210110 17:39:56.770" level="INFO">${dynamic_categ_name} = Computing &amp; Internet</msg>
<status status="PASS" starttime="20210110 17:39:56.740" endtime="20210110 17:39:56.770"></status>
</kw>
<kw name="Scroll Element Into View" library="SeleniumLibrary">
<doc>Scrolls the element identified by ``locator`` into view.</doc>
<arguments>
<arg>xpath=//*[@id="leftNavContainer"]/ul/li[${i}]/a</arg>
</arguments>
<status status="PASS" starttime="20210110 17:39:56.770" endtime="20210110 17:39:57.044"></status>
</kw>
<kw name="Exit For Loop If" library="BuiltIn">
<doc>Stops executing the enclosing for loop if the ``condition`` is true.</doc>
<arguments>
<arg>"${dynamic_categ_name}" == "${Expected_category}"</arg>
</arguments>
<status status="PASS" starttime="20210110 17:39:57.045" endtime="20210110 17:39:57.045"></status>
</kw>
<status status="PASS" starttime="20210110 17:39:56.740" endtime="20210110 17:39:57.045"></status>
</kw>
<kw name="${i} = 8" type="foritem">
<kw name="Get Text" library="SeleniumLibrary">
<doc>Returns the text value of the element identified by ``locator``.</doc>
<arguments>
<arg>xpath=//*[@id="leftNavContainer"]/ul/li[${i}]/a</arg>
</arguments>
<assign>
<var>${dynamic_categ_name}</var>
</assign>
<msg timestamp="20210110 17:39:57.078" level="INFO">${dynamic_categ_name} = Crime, Thriller &amp; Mystery</msg>
<status status="PASS" starttime="20210110 17:39:57.045" endtime="20210110 17:39:57.078"></status>
</kw>
<kw name="Scroll Element Into View" library="SeleniumLibrary">
<doc>Scrolls the element identified by ``locator`` into view.</doc>
<arguments>
<arg>xpath=//*[@id="leftNavContainer"]/ul/li[${i}]/a</arg>
</arguments>
<status status="PASS" starttime="20210110 17:39:57.078" endtime="20210110 17:39:57.352"></status>
</kw>
<kw name="Exit For Loop If" library="BuiltIn">
<doc>Stops executing the enclosing for loop if the ``condition`` is true.</doc>
<arguments>
<arg>"${dynamic_categ_name}" == "${Expected_category}"</arg>
</arguments>
<status status="PASS" starttime="20210110 17:39:57.352" endtime="20210110 17:39:57.353"></status>
</kw>
<status status="PASS" starttime="20210110 17:39:57.045" endtime="20210110 17:39:57.353"></status>
</kw>
<kw name="${i} = 9" type="foritem">
<kw name="Get Text" library="SeleniumLibrary">
<doc>Returns the text value of the element identified by ``locator``.</doc>
<arguments>
<arg>xpath=//*[@id="leftNavContainer"]/ul/li[${i}]/a</arg>
</arguments>
<assign>
<var>${dynamic_categ_name}</var>
</assign>
<msg timestamp="20210110 17:39:57.381" level="INFO">${dynamic_categ_name} = Entrance Exams Preparation</msg>
<status status="PASS" starttime="20210110 17:39:57.353" endtime="20210110 17:39:57.381"></status>
</kw>
<kw name="Scroll Element Into View" library="SeleniumLibrary">
<doc>Scrolls the element identified by ``locator`` into view.</doc>
<arguments>
<arg>xpath=//*[@id="leftNavContainer"]/ul/li[${i}]/a</arg>
</arguments>
<status status="PASS" starttime="20210110 17:39:57.381" endtime="20210110 17:39:57.658"></status>
</kw>
<kw name="Exit For Loop If" library="BuiltIn">
<doc>Stops executing the enclosing for loop if the ``condition`` is true.</doc>
<arguments>
<arg>"${dynamic_categ_name}" == "${Expected_category}"</arg>
</arguments>
<status status="PASS" starttime="20210110 17:39:57.658" endtime="20210110 17:39:57.659"></status>
</kw>
<status status="PASS" starttime="20210110 17:39:57.353" endtime="20210110 17:39:57.659"></status>
</kw>
<kw name="${i} = 10" type="foritem">
<kw name="Get Text" library="SeleniumLibrary">
<doc>Returns the text value of the element identified by ``locator``.</doc>
<arguments>
<arg>xpath=//*[@id="leftNavContainer"]/ul/li[${i}]/a</arg>
</arguments>
<assign>
<var>${dynamic_categ_name}</var>
</assign>
<msg timestamp="20210110 17:39:57.699" level="INFO">${dynamic_categ_name} = Fantasy &amp; Science Fiction</msg>
<status status="PASS" starttime="20210110 17:39:57.660" endtime="20210110 17:39:57.699"></status>
</kw>
<kw name="Scroll Element Into View" library="SeleniumLibrary">
<doc>Scrolls the element identified by ``locator`` into view.</doc>
<arguments>
<arg>xpath=//*[@id="leftNavContainer"]/ul/li[${i}]/a</arg>
</arguments>
<status status="PASS" starttime="20210110 17:39:57.699" endtime="20210110 17:39:57.973"></status>
</kw>
<kw name="Exit For Loop If" library="BuiltIn">
<doc>Stops executing the enclosing for loop if the ``condition`` is true.</doc>
<arguments>
<arg>"${dynamic_categ_name}" == "${Expected_category}"</arg>
</arguments>
<msg timestamp="20210110 17:39:57.974" level="INFO">Exiting for loop altogether.</msg>
<status status="PASS" starttime="20210110 17:39:57.973" endtime="20210110 17:39:57.974"></status>
</kw>
<status status="PASS" starttime="20210110 17:39:57.659" endtime="20210110 17:39:57.974"></status>
</kw>
<status status="PASS" starttime="20210110 17:39:54.878" endtime="20210110 17:39:57.974"></status>
</kw>
<kw name="Set Test Variable" library="BuiltIn">
<doc>Makes a variable available everywhere within the scope of the current test.</doc>
<arguments>
<arg>${static_categ_name}</arg>
<arg>xpath=//*[@id="leftNavContainer"]/ul/li[${i}]/a</arg>
</arguments>
<msg timestamp="20210110 17:39:57.975" level="INFO">${static_categ_name} = xpath=//*[@id="leftNavContainer"]/ul/li[10]/a</msg>
<status status="PASS" starttime="20210110 17:39:57.974" endtime="20210110 17:39:57.975"></status>
</kw>
<kw name="Log To Console" library="BuiltIn">
<doc>Logs the given message to the console.</doc>
<arguments>
<arg>Step2</arg>
</arguments>
<status status="PASS" starttime="20210110 17:39:57.975" endtime="20210110 17:39:57.976"></status>
</kw>
<status status="PASS" starttime="20210110 17:39:49.840" endtime="20210110 17:39:57.976"></status>
</kw>
<kw name="Click on &quot;Fantasy&quot; Sub Section" library="instructions">
<kw name="Mouse Over" library="SeleniumLibrary">
<doc>Simulates hovering the mouse over the element ``locator``.</doc>
<arguments>
<arg>${static_categ_name}</arg>
</arguments>
<msg timestamp="20210110 17:39:57.977" level="INFO">Simulating Mouse Over on element 'xpath=//*[@id="leftNavContainer"]/ul/li[10]/a'.</msg>
<status status="PASS" starttime="20210110 17:39:57.977" endtime="20210110 17:39:58.253"></status>
</kw>
<kw name="Sleep" library="BuiltIn">
<doc>Pauses the test executed for the given time.</doc>
<arguments>
<arg>2s</arg>
</arguments>
<msg timestamp="20210110 17:40:00.255" level="INFO">Slept 2 seconds</msg>
<status status="PASS" starttime="20210110 17:39:58.253" endtime="20210110 17:40:00.255"></status>
</kw>
<kw name="Mouse Over" library="SeleniumLibrary">
<doc>Simulates hovering the mouse over the element ``locator``.</doc>
<arguments>
<arg>${Fantasy_Science_Fiction}</arg>
</arguments>
<msg timestamp="20210110 17:40:00.256" level="INFO">Simulating Mouse Over on element 'xpath=//*[@id="leftNavContainer"]/ul/li[10]/ul/li[1]'.</msg>
<status status="PASS" starttime="20210110 17:40:00.255" endtime="20210110 17:40:00.533"></status>
</kw>
<kw name="Sleep" library="BuiltIn">
<doc>Pauses the test executed for the given time.</doc>
<arguments>
<arg>4s</arg>
</arguments>
<msg timestamp="20210110 17:40:04.536" level="INFO">Slept 4 seconds</msg>
<status status="PASS" starttime="20210110 17:40:00.533" endtime="20210110 17:40:04.536"></status>
</kw>
<kw name="Verify WebPage title" library="instructions">
<arguments>
<arg>Digital Media and Internet</arg>
</arguments>
<kw name="Wait Until Page Contains" library="SeleniumLibrary">
<doc>Waits until ``text`` appears on the current page.</doc>
<arguments>
<arg>${title_name}</arg>
</arguments>
<status status="PASS" starttime="20210110 17:40:04.537" endtime="20210110 17:40:04.551"></status>
</kw>
<kw name="Log To Console" library="BuiltIn">
<doc>Logs the given message to the console.</doc>
<arguments>
<arg>${title_name}</arg>
</arguments>
<status status="PASS" starttime="20210110 17:40:04.551" endtime="20210110 17:40:04.552"></status>
</kw>
<kw name="Log To Console" library="BuiltIn">
<doc>Logs the given message to the console.</doc>
<arguments>
<arg>Pass!!</arg>
</arguments>
<status status="PASS" starttime="20210110 17:40:04.552" endtime="20210110 17:40:04.553"></status>
</kw>
<status status="PASS" starttime="20210110 17:40:04.536" endtime="20210110 17:40:04.553"></status>
</kw>
<kw name="Click Element" library="SeleniumLibrary">
<doc>Click the element identified by ``locator``.</doc>
<arguments>
<arg>${Fantasy_Science_Fiction}</arg>
</arguments>
<msg timestamp="20210110 17:40:04.554" level="INFO">Clicking element 'xpath=//*[@id="leftNavContainer"]/ul/li[10]/ul/li[1]'.</msg>
<status status="PASS" starttime="20210110 17:40:04.553" endtime="20210110 17:40:05.363"></status>
</kw>
<kw name="Sleep" library="BuiltIn">
<doc>Pauses the test executed for the given time.</doc>
<arguments>
<arg>2s</arg>
</arguments>
<msg timestamp="20210110 17:40:07.365" level="INFO">Slept 2 seconds</msg>
<status status="PASS" starttime="20210110 17:40:05.364" endtime="20210110 17:40:07.365"></status>
</kw>
<kw name="Verify WebPage title" library="instructions">
<arguments>
<arg>${Expected_Book_Category}</arg>
</arguments>
<kw name="Wait Until Page Contains" library="SeleniumLibrary">
<doc>Waits until ``text`` appears on the current page.</doc>
<arguments>
<arg>${title_name}</arg>
</arguments>
<status status="PASS" starttime="20210110 17:40:07.368" endtime="20210110 17:40:07.405"></status>
</kw>
<kw name="Log To Console" library="BuiltIn">
<doc>Logs the given message to the console.</doc>
<arguments>
<arg>${title_name}</arg>
</arguments>
<status status="PASS" starttime="20210110 17:40:07.405" endtime="20210110 17:40:07.406"></status>
</kw>
<kw name="Log To Console" library="BuiltIn">
<doc>Logs the given message to the console.</doc>
<arguments>
<arg>Pass!!</arg>
</arguments>
<status status="PASS" starttime="20210110 17:40:07.406" endtime="20210110 17:40:07.410"></status>
</kw>
<status status="PASS" starttime="20210110 17:40:07.366" endtime="20210110 17:40:07.410"></status>
</kw>
<kw name="Log To Console" library="BuiltIn">
<doc>Logs the given message to the console.</doc>
<arguments>
<arg>Step3</arg>
</arguments>
<status status="PASS" starttime="20210110 17:40:07.410" endtime="20210110 17:40:07.425"></status>
</kw>
<status status="PASS" starttime="20210110 17:39:57.977" endtime="20210110 17:40:07.426"></status>
</kw>
<kw name="Search for the book title 'Harry Potter y la piedra filos' in the Booklist" library="instructions">
<kw name="Get Element Count" library="SeleniumLibrary">
<doc>Returns the number of elements matching ``locator``.</doc>
<arguments>
<arg>xpath=//div[@class='col-md-9']/div</arg>
</arguments>
<assign>
<var>${buk_list}</var>
</assign>
<msg timestamp="20210110 17:40:07.457" level="INFO">${buk_list} = 51</msg>
<status status="PASS" starttime="20210110 17:40:07.429" endtime="20210110 17:40:07.457"></status>
</kw>
<kw name="${j} IN RANGE [ 2 | ${buk_list} ]" type="for">
<kw name="${j} = 2" type="foritem">
<kw name="Get Text" library="SeleniumLibrary">
<doc>Returns the text value of the element identified by ``locator``.</doc>
<arguments>
<arg>xpath=//div[@class='col-md-9']/div[${j}]/a/div[3]</arg>
</arguments>
<assign>
<var>${buk_names}</var>
</assign>
<msg timestamp="20210110 17:40:07.493" level="INFO">${buk_names} = Harry Potter y la piedra filos...</msg>
<status status="PASS" starttime="20210110 17:40:07.458" endtime="20210110 17:40:07.493"></status>
</kw>
<kw name="Exit For Loop If" library="BuiltIn">
<doc>Stops executing the enclosing for loop if the ``condition`` is true.</doc>
<arguments>
<arg>"${buk_names}" == "${Expected_Book_Name}"</arg>
</arguments>
<msg timestamp="20210110 17:40:07.494" level="INFO">Exiting for loop altogether.</msg>
<status status="PASS" starttime="20210110 17:40:07.493" endtime="20210110 17:40:07.494"></status>
</kw>
<status status="PASS" starttime="20210110 17:40:07.458" endtime="20210110 17:40:07.494"></status>
</kw>
<status status="PASS" starttime="20210110 17:40:07.457" endtime="20210110 17:40:07.494"></status>
</kw>
<kw name="Set Test Variable" library="BuiltIn">
<doc>Makes a variable available everywhere within the scope of the current test.</doc>
<arguments>
<arg>${exact_buk_elem}</arg>
<arg>xpath=//div[@class='col-md-9']/div[${j}]/a/div[3]</arg>
</arguments>
<msg timestamp="20210110 17:40:07.495" level="INFO">${exact_buk_elem} = xpath=//div[@class='col-md-9']/div[2]/a/div[3]</msg>
<status status="PASS" starttime="20210110 17:40:07.494" endtime="20210110 17:40:07.496"></status>
</kw>
<kw name="Log To Console" library="BuiltIn">
<doc>Logs the given message to the console.</doc>
<arguments>
<arg>Step4</arg>
</arguments>
<status status="PASS" starttime="20210110 17:40:07.496" endtime="20210110 17:40:07.496"></status>
</kw>
<status status="PASS" starttime="20210110 17:40:07.427" endtime="20210110 17:40:07.497"></status>
</kw>
<kw name="Go to Expected Book details page" library="instructions">
<kw name="Sleep" library="BuiltIn">
<doc>Pauses the test executed for the given time.</doc>
<arguments>
<arg>5s</arg>
</arguments>
<msg timestamp="20210110 17:40:12.498" level="INFO">Slept 5 seconds</msg>
<status status="PASS" starttime="20210110 17:40:07.497" endtime="20210110 17:40:12.498"></status>
</kw>
<kw name="Click Element" library="SeleniumLibrary">
<doc>Click the element identified by ``locator``.</doc>
<arguments>
<arg>${exact_buk_elem}</arg>
</arguments>
<msg timestamp="20210110 17:40:12.499" level="INFO">Clicking element 'xpath=//div[@class='col-md-9']/div[2]/a/div[3]'.</msg>
<status status="PASS" starttime="20210110 17:40:12.498" endtime="20210110 17:40:14.265"></status>
</kw>
<kw name="Log To Console" library="BuiltIn">
<doc>Logs the given message to the console.</doc>
<arguments>
<arg>Step5</arg>
</arguments>
<status status="PASS" starttime="20210110 17:40:14.265" endtime="20210110 17:40:14.271"></status>
</kw>
<status status="PASS" starttime="20210110 17:40:07.497" endtime="20210110 17:40:14.272"></status>
</kw>
<kw name="Verify User navigated to the expected book details" library="instructions">
<kw name="Verify WebPage title" library="instructions">
<arguments>
<arg>${Expected_Book_Detailed_Name}</arg>
</arguments>
<kw name="Wait Until Page Contains" library="SeleniumLibrary">
<doc>Waits until ``text`` appears on the current page.</doc>
<arguments>
<arg>${title_name}</arg>
</arguments>
<status status="PASS" starttime="20210110 17:40:14.278" endtime="20210110 17:40:14.421"></status>
</kw>
<kw name="Log To Console" library="BuiltIn">
<doc>Logs the given message to the console.</doc>
<arguments>
<arg>${title_name}</arg>
</arguments>
<status status="PASS" starttime="20210110 17:40:14.421" endtime="20210110 17:40:14.422"></status>
</kw>
<kw name="Log To Console" library="BuiltIn">
<doc>Logs the given message to the console.</doc>
<arguments>
<arg>Pass!!</arg>
</arguments>
<status status="PASS" starttime="20210110 17:40:14.422" endtime="20210110 17:40:14.423"></status>
</kw>
<status status="PASS" starttime="20210110 17:40:14.276" endtime="20210110 17:40:14.424"></status>
</kw>
<kw name="Log To Console" library="BuiltIn">
<doc>Logs the given message to the console.</doc>
<arguments>
<arg>Step6</arg>
</arguments>
<status status="PASS" starttime="20210110 17:40:14.424" endtime="20210110 17:40:14.442"></status>
</kw>
<status status="PASS" starttime="20210110 17:40:14.275" endtime="20210110 17:40:14.442"></status>
</kw>
<tags>
<tag>sanity</tag>
</tags>
<status status="PASS" starttime="20210110 17:39:36.236" endtime="20210110 17:40:14.444" critical="yes"></status>
</test>
<test id="s1-t2" name="Adding selected book to Cart">
<kw name="Adding Book to Cart" library="instructions">
<kw name="Click Element" library="SeleniumLibrary">
<doc>Click the element identified by ``locator``.</doc>
<arguments>
<arg>xpath=//*[@id="main-wrapper"]/div[5]/div[2]/div[3]/div/a[2]</arg>
</arguments>
<msg timestamp="20210110 17:40:14.448" level="INFO">Clicking element 'xpath=//*[@id="main-wrapper"]/div[5]/div[2]/div[3]/div/a[2]'.</msg>
<status status="PASS" starttime="20210110 17:40:14.447" endtime="20210110 17:40:14.608"></status>
</kw>
<kw name="Select Window" library="SeleniumLibrary">
<doc>DEPRECATED in SeleniumLibrary 4.0. , use `Switch Window` instead.</doc>
<arguments>
<arg>${Expected_flipkart_page_title}</arg>
</arguments>
<status status="PASS" starttime="20210110 17:40:14.609" endtime="20210110 17:40:17.382"></status>
</kw>
<kw name="Click Element" library="SeleniumLibrary">
<doc>Click the element identified by ``locator``.</doc>
<arguments>
<arg>xpath=//*[@id="container"]/div/div[3]/div[2]/div/div[2]/div[2]/div/div/div/a[2]</arg>
</arguments>
<msg timestamp="20210110 17:40:17.383" level="INFO">Clicking element 'xpath=//*[@id="container"]/div/div[3]/div[2]/div/div[2]/div[2]/div/div/div/a[2]'.</msg>
<status status="PASS" starttime="20210110 17:40:17.382" endtime="20210110 17:40:17.519"></status>
</kw>
<kw name="Sleep" library="BuiltIn">
<doc>Pauses the test executed for the given time.</doc>
<arguments>
<arg>3s</arg>
</arguments>
<msg timestamp="20210110 17:40:20.521" level="INFO">Slept 3 seconds</msg>
<status status="PASS" starttime="20210110 17:40:17.520" endtime="20210110 17:40:20.521"></status>
</kw>
<kw name="Select Window" library="SeleniumLibrary">
<doc>DEPRECATED in SeleniumLibrary 4.0. , use `Switch Window` instead.</doc>
<arguments>
<arg>${Expected_book_page}</arg>
</arguments>
<status status="PASS" starttime="20210110 17:40:20.521" endtime="20210110 17:40:22.740"></status>
</kw>
<kw name="Click Element" library="SeleniumLibrary">
<doc>Click the element identified by ``locator``.</doc>
<arguments>
<arg>xpath=//*[@id="container"]/div/div[3]/div[1]/div[1]/div[2]/div/ul/li[1]/button</arg>
</arguments>
<msg timestamp="20210110 17:40:22.741" level="INFO">Clicking element 'xpath=//*[@id="container"]/div/div[3]/div[1]/div[1]/div[2]/div/ul/li[1]/button'.</msg>
<status status="PASS" starttime="20210110 17:40:22.741" endtime="20210110 17:40:22.827"></status>
</kw>
<kw name="Log To Console" library="BuiltIn">
<doc>Logs the given message to the console.</doc>
<arguments>
<arg>Step7</arg>
</arguments>
<status status="PASS" starttime="20210110 17:40:22.827" endtime="20210110 17:40:22.828"></status>
</kw>
<status status="PASS" starttime="20210110 17:40:14.447" endtime="20210110 17:40:22.829"></status>
</kw>
<status status="PASS" starttime="20210110 17:40:14.446" endtime="20210110 17:40:22.829" critical="yes"></status>
</test>
<status status="PASS" starttime="20210110 17:39:35.755" endtime="20210110 17:40:22.897"></status>
</suite>
<statistics>
<total>
<stat pass="2" fail="0">Critical Tests</stat>
<stat pass="2" fail="0">All Tests</stat>
</total>
<tag>
<stat pass="1" fail="0">sanity</stat>
</tag>
<suite>
<stat pass="2" fail="0" id="s1" name="TestCases">TestCases</stat>
</suite>
</statistics>
<errors>
</errors>
</robot>
